level=debug msg="Skipped reading configuration file" error="Config File \"cilium\" Not Found in \"[/root]\"" subsys=config
level=info msg="Memory available for map entries (0.003% of 16742379520B): 41855948B" subsys=config
level=debug msg="Total memory for default map entries: 149422080" subsys=config
level=info msg="option bpf-ct-global-tcp-max set by dynamic sizing to 146862" subsys=config
level=info msg="option bpf-ct-global-any-max set by dynamic sizing to 73431" subsys=config
level=info msg="option bpf-nat-global-max set by dynamic sizing to 146862" subsys=config
level=info msg="option bpf-neigh-global-max set by dynamic sizing to 146862" subsys=config
level=info msg="option bpf-sock-rev-map-max set by dynamic sizing to 73431" subsys=config
level=info msg="  --agent-health-port='9879'" subsys=daemon
level=info msg="  --agent-labels=''" subsys=daemon
level=info msg="  --agent-not-ready-taint-key='node.cilium.io/agent-not-ready'" subsys=daemon
level=info msg="  --allocator-list-timeout='3m0s'" subsys=daemon
level=info msg="  --allow-icmp-frag-needed='true'" subsys=daemon
level=info msg="  --allow-localhost='auto'" subsys=daemon
level=info msg="  --annotate-k8s-node='false'" subsys=daemon
level=info msg="  --api-rate-limit=''" subsys=daemon
level=info msg="  --arping-refresh-period='30s'" subsys=daemon
level=info msg="  --auto-create-cilium-node-resource='true'" subsys=daemon
level=info msg="  --auto-direct-node-routes='true'" subsys=daemon
level=info msg="  --bgp-announce-lb-ip='false'" subsys=daemon
level=info msg="  --bgp-announce-pod-cidr='false'" subsys=daemon
level=info msg="  --bgp-config-path='/var/lib/cilium/bgp/config.yaml'" subsys=daemon
level=info msg="  --bpf-ct-global-any-max='262144'" subsys=daemon
level=info msg="  --bpf-ct-global-tcp-max='524288'" subsys=daemon
level=info msg="  --bpf-ct-timeout-regular-any='1m0s'" subsys=daemon
level=info msg="  --bpf-ct-timeout-regular-tcp='6h0m0s'" subsys=daemon
level=info msg="  --bpf-ct-timeout-regular-tcp-fin='10s'" subsys=daemon
level=info msg="  --bpf-ct-timeout-regular-tcp-syn='1m0s'" subsys=daemon
level=info msg="  --bpf-ct-timeout-service-any='1m0s'" subsys=daemon
level=info msg="  --bpf-ct-timeout-service-tcp='6h0m0s'" subsys=daemon
level=info msg="  --bpf-ct-timeout-service-tcp-grace='1m0s'" subsys=daemon
level=info msg="  --bpf-filter-priority='1'" subsys=daemon
level=info msg="  --bpf-fragments-map-max='8192'" subsys=daemon
level=info msg="  --bpf-lb-acceleration='disabled'" subsys=daemon
level=info msg="  --bpf-lb-affinity-map-max='0'" subsys=daemon
level=info msg="  --bpf-lb-algorithm='random'" subsys=daemon
level=info msg="  --bpf-lb-dev-ip-addr-inherit=''" subsys=daemon
level=info msg="  --bpf-lb-dsr-dispatch='opt'" subsys=daemon
level=info msg="  --bpf-lb-dsr-l4-xlate='frontend'" subsys=daemon
level=info msg="  --bpf-lb-external-clusterip='false'" subsys=daemon
level=info msg="  --bpf-lb-maglev-hash-seed='JLfvgnHc2kaSUFaI'" subsys=daemon
level=info msg="  --bpf-lb-maglev-map-max='0'" subsys=daemon
level=info msg="  --bpf-lb-maglev-table-size='16381'" subsys=daemon
level=info msg="  --bpf-lb-map-max='65536'" subsys=daemon
level=info msg="  --bpf-lb-mode='snat'" subsys=daemon
level=info msg="  --bpf-lb-rev-nat-map-max='0'" subsys=daemon
level=info msg="  --bpf-lb-rss-ipv4-src-cidr=''" subsys=daemon
level=info msg="  --bpf-lb-rss-ipv6-src-cidr=''" subsys=daemon
level=info msg="  --bpf-lb-service-backend-map-max='0'" subsys=daemon
level=info msg="  --bpf-lb-service-map-max='0'" subsys=daemon
level=info msg="  --bpf-lb-sock='false'" subsys=daemon
level=info msg="  --bpf-lb-sock-hostns-only='false'" subsys=daemon
level=info msg="  --bpf-lb-source-range-map-max='0'" subsys=daemon
level=info msg="  --bpf-map-dynamic-size-ratio='0.0025'" subsys=daemon
level=info msg="  --bpf-map-event-buffers=''" subsys=daemon
level=info msg="  --bpf-nat-global-max='524288'" subsys=daemon
level=info msg="  --bpf-neigh-global-max='524288'" subsys=daemon
level=info msg="  --bpf-policy-map-max='16384'" subsys=daemon
level=info msg="  --bpf-root='/sys/fs/bpf'" subsys=daemon
level=info msg="  --bpf-sock-rev-map-max='262144'" subsys=daemon
level=info msg="  --bypass-ip-availability-upon-restore='false'" subsys=daemon
level=info msg="  --certificates-directory='/var/run/cilium/certs'" subsys=daemon
level=info msg="  --cflags=''" subsys=daemon
level=info msg="  --cgroup-root='/run/cilium/cgroupv2'" subsys=daemon
level=info msg="  --cilium-endpoint-gc-interval='5m0s'" subsys=daemon
level=info msg="  --cluster-health-port='4240'" subsys=daemon
level=info msg="  --cluster-id='0'" subsys=daemon
level=info msg="  --cluster-name='cilium-kubeproxy-replacement-ebpf'" subsys=daemon
level=info msg="  --cluster-pool-ipv4-cidr='10.0.0.0/8'" subsys=daemon
level=info msg="  --cluster-pool-ipv4-mask-size='24'" subsys=daemon
level=info msg="  --clustermesh-config='/var/lib/cilium/clustermesh/'" subsys=daemon
level=info msg="  --cmdref=''" subsys=daemon
level=info msg="  --cni-chaining-mode=''" subsys=daemon
level=info msg="  --config=''" subsys=daemon
level=info msg="  --config-dir='/tmp/cilium/config-map'" subsys=daemon
level=info msg="  --config-sources='config-map:kube-system/cilium-config'" subsys=daemon
level=info msg="  --conntrack-gc-interval='0s'" subsys=daemon
level=info msg="  --crd-wait-timeout='5m0s'" subsys=daemon
level=info msg="  --custom-cni-conf='false'" subsys=daemon
level=info msg="  --datapath-mode='veth'" subsys=daemon
level=info msg="  --debug='true'" subsys=daemon
level=info msg="  --debug-verbose='datapath'" subsys=daemon
level=info msg="  --derive-masquerade-ip-addr-from-device=''" subsys=daemon
level=info msg="  --devices='eth0,net0'" subsys=daemon
level=info msg="  --direct-routing-device=''" subsys=daemon
level=info msg="  --disable-cnp-status-updates='true'" subsys=daemon
level=info msg="  --disable-endpoint-crd='false'" subsys=daemon
level=info msg="  --disable-envoy-version-check='false'" subsys=daemon
level=info msg="  --disable-iptables-feeder-rules=''" subsys=daemon
level=info msg="  --dns-max-ips-per-restored-rule='1000'" subsys=daemon
level=info msg="  --dns-policy-unload-on-shutdown='false'" subsys=daemon
level=info msg="  --dnsproxy-concurrency-limit='0'" subsys=daemon
level=info msg="  --dnsproxy-concurrency-processing-grace-period='0s'" subsys=daemon
level=info msg="  --dnsproxy-lock-count='128'" subsys=daemon
level=info msg="  --dnsproxy-lock-timeout='500ms'" subsys=daemon
level=info msg="  --egress-masquerade-interfaces=''" subsys=daemon
level=info msg="  --egress-multi-home-ip-rule-compat='false'" subsys=daemon
level=info msg="  --enable-auto-protect-node-port-range='true'" subsys=daemon
level=info msg="  --enable-bandwidth-manager='false'" subsys=daemon
level=info msg="  --enable-bbr='false'" subsys=daemon
level=info msg="  --enable-bgp-control-plane='false'" subsys=daemon
level=info msg="  --enable-bpf-clock-probe='true'" subsys=daemon
level=info msg="  --enable-bpf-masquerade='true'" subsys=daemon
level=info msg="  --enable-bpf-tproxy='false'" subsys=daemon
level=info msg="  --enable-cilium-endpoint-slice='false'" subsys=daemon
level=info msg="  --enable-custom-calls='false'" subsys=daemon
level=info msg="  --enable-endpoint-health-checking='true'" subsys=daemon
level=info msg="  --enable-endpoint-routes='false'" subsys=daemon
level=info msg="  --enable-envoy-config='false'" subsys=daemon
level=info msg="  --enable-external-ips='true'" subsys=daemon
level=info msg="  --enable-health-check-nodeport='true'" subsys=daemon
level=info msg="  --enable-health-checking='true'" subsys=daemon
level=info msg="  --enable-host-firewall='false'" subsys=daemon
level=info msg="  --enable-host-legacy-routing='false'" subsys=daemon
level=info msg="  --enable-host-port='true'" subsys=daemon
level=info msg="  --enable-hubble='true'" subsys=daemon
level=info msg="  --enable-hubble-recorder-api='true'" subsys=daemon
level=info msg="  --enable-icmp-rules='true'" subsys=daemon
level=info msg="  --enable-identity-mark='true'" subsys=daemon
level=info msg="  --enable-ip-masq-agent='false'" subsys=daemon
level=info msg="  --enable-ipsec='false'" subsys=daemon
level=info msg="  --enable-ipv4='true'" subsys=daemon
level=info msg="  --enable-ipv4-egress-gateway='false'" subsys=daemon
level=info msg="  --enable-ipv4-fragment-tracking='true'" subsys=daemon
level=info msg="  --enable-ipv4-masquerade='true'" subsys=daemon
level=info msg="  --enable-ipv6='false'" subsys=daemon
level=info msg="  --enable-ipv6-big-tcp='false'" subsys=daemon
level=info msg="  --enable-ipv6-masquerade='true'" subsys=daemon
level=info msg="  --enable-ipv6-ndp='false'" subsys=daemon
level=info msg="  --enable-k8s-api-discovery='false'" subsys=daemon
level=info msg="  --enable-k8s-endpoint-slice='true'" subsys=daemon
level=info msg="  --enable-k8s-event-handover='false'" subsys=daemon
level=info msg="  --enable-k8s-terminating-endpoint='true'" subsys=daemon
level=info msg="  --enable-l2-neigh-discovery='true'" subsys=daemon
level=info msg="  --enable-l7-proxy='true'" subsys=daemon
level=info msg="  --enable-local-node-route='true'" subsys=daemon
level=info msg="  --enable-local-redirect-policy='false'" subsys=daemon
level=info msg="  --enable-mke='false'" subsys=daemon
level=info msg="  --enable-monitor='true'" subsys=daemon
level=info msg="  --enable-nat46x64-gateway='false'" subsys=daemon
level=info msg="  --enable-node-port='false'" subsys=daemon
level=info msg="  --enable-pmtu-discovery='false'" subsys=daemon
level=info msg="  --enable-policy='default'" subsys=daemon
level=info msg="  --enable-recorder='false'" subsys=daemon
level=info msg="  --enable-remote-node-identity='true'" subsys=daemon
level=info msg="  --enable-runtime-device-detection='false'" subsys=daemon
level=info msg="  --enable-sctp='false'" subsys=daemon
level=info msg="  --enable-service-topology='false'" subsys=daemon
level=info msg="  --enable-session-affinity='false'" subsys=daemon
level=info msg="  --enable-srv6='false'" subsys=daemon
level=info msg="  --enable-stale-cilium-endpoint-cleanup='true'" subsys=daemon
level=info msg="  --enable-svc-source-range-check='true'" subsys=daemon
level=info msg="  --enable-tracing='false'" subsys=daemon
level=info msg="  --enable-unreachable-routes='false'" subsys=daemon
level=info msg="  --enable-vtep='false'" subsys=daemon
level=info msg="  --enable-well-known-identities='false'" subsys=daemon
level=info msg="  --enable-wireguard='false'" subsys=daemon
level=info msg="  --enable-wireguard-userspace-fallback='false'" subsys=daemon
level=info msg="  --enable-xdp-prefilter='false'" subsys=daemon
level=info msg="  --enable-xt-socket-fallback='true'" subsys=daemon
level=info msg="  --encrypt-interface=''" subsys=daemon
level=info msg="  --encrypt-node='false'" subsys=daemon
level=info msg="  --endpoint-gc-interval='5m0s'" subsys=daemon
level=info msg="  --endpoint-queue-size='25'" subsys=daemon
level=info msg="  --endpoint-status=''" subsys=daemon
level=info msg="  --envoy-config-timeout='2m0s'" subsys=daemon
level=info msg="  --envoy-log=''" subsys=daemon
level=info msg="  --exclude-local-address=''" subsys=daemon
level=info msg="  --fixed-identity-mapping=''" subsys=daemon
level=info msg="  --force-local-policy-eval-at-source='false'" subsys=daemon
level=info msg="  --fqdn-regex-compile-lru-size='1024'" subsys=daemon
level=info msg="  --gops-port='9890'" subsys=daemon
level=info msg="  --http-403-msg=''" subsys=daemon
level=info msg="  --http-idle-timeout='0'" subsys=daemon
level=info msg="  --http-max-grpc-timeout='0'" subsys=daemon
level=info msg="  --http-normalize-path='true'" subsys=daemon
level=info msg="  --http-request-timeout='3600'" subsys=daemon
level=info msg="  --http-retry-count='3'" subsys=daemon
level=info msg="  --http-retry-timeout='0'" subsys=daemon
level=info msg="  --hubble-disable-tls='false'" subsys=daemon
level=info msg="  --hubble-event-buffer-capacity='4095'" subsys=daemon
level=info msg="  --hubble-event-queue-size='0'" subsys=daemon
level=info msg="  --hubble-export-file-compress='false'" subsys=daemon
level=info msg="  --hubble-export-file-max-backups='5'" subsys=daemon
level=info msg="  --hubble-export-file-max-size-mb='10'" subsys=daemon
level=info msg="  --hubble-export-file-path=''" subsys=daemon
level=info msg="  --hubble-listen-address=':4244'" subsys=daemon
level=info msg="  --hubble-metrics=''" subsys=daemon
level=info msg="  --hubble-metrics-server=''" subsys=daemon
level=info msg="  --hubble-prefer-ipv6='false'" subsys=daemon
level=info msg="  --hubble-recorder-sink-queue-size='1024'" subsys=daemon
level=info msg="  --hubble-recorder-storage-path='/var/run/cilium/pcaps'" subsys=daemon
level=info msg="  --hubble-skip-unknown-cgroup-ids='true'" subsys=daemon
level=info msg="  --hubble-socket-path='/var/run/cilium/hubble.sock'" subsys=daemon
level=info msg="  --hubble-tls-cert-file='/var/lib/cilium/tls/hubble/server.crt'" subsys=daemon
level=info msg="  --hubble-tls-client-ca-files='/var/lib/cilium/tls/hubble/client-ca.crt'" subsys=daemon
level=info msg="  --hubble-tls-key-file='/var/lib/cilium/tls/hubble/server.key'" subsys=daemon
level=info msg="  --identity-allocation-mode='crd'" subsys=daemon
level=info msg="  --identity-change-grace-period='5s'" subsys=daemon
level=info msg="  --identity-gc-interval='15m0s'" subsys=daemon
level=info msg="  --identity-heartbeat-timeout='30m0s'" subsys=daemon
level=info msg="  --identity-restore-grace-period='10m0s'" subsys=daemon
level=info msg="  --install-egress-gateway-routes='false'" subsys=daemon
level=info msg="  --install-iptables-rules='true'" subsys=daemon
level=info msg="  --install-no-conntrack-iptables-rules='false'" subsys=daemon
level=info msg="  --ip-allocation-timeout='2m0s'" subsys=daemon
level=info msg="  --ip-masq-agent-config-path='/etc/config/ip-masq-agent'" subsys=daemon
level=info msg="  --ipam='cluster-pool'" subsys=daemon
level=info msg="  --ipsec-key-file=''" subsys=daemon
level=info msg="  --iptables-lock-timeout='5s'" subsys=daemon
level=info msg="  --iptables-random-fully='false'" subsys=daemon
level=info msg="  --ipv4-native-routing-cidr='10.0.0.0/8'" subsys=daemon
level=info msg="  --ipv4-node='auto'" subsys=daemon
level=info msg="  --ipv4-pod-subnets=''" subsys=daemon
level=info msg="  --ipv4-range='auto'" subsys=daemon
level=info msg="  --ipv4-service-loopback-address='169.254.42.1'" subsys=daemon
level=info msg="  --ipv4-service-range='auto'" subsys=daemon
level=info msg="  --ipv6-cluster-alloc-cidr='f00d::/64'" subsys=daemon
level=info msg="  --ipv6-mcast-device=''" subsys=daemon
level=info msg="  --ipv6-native-routing-cidr=''" subsys=daemon
level=info msg="  --ipv6-node='auto'" subsys=daemon
level=info msg="  --ipv6-pod-subnets=''" subsys=daemon
level=info msg="  --ipv6-range='auto'" subsys=daemon
level=info msg="  --ipv6-service-range='auto'" subsys=daemon
level=info msg="  --join-cluster='false'" subsys=daemon
level=info msg="  --k8s-api-server=''" subsys=daemon
level=info msg="  --k8s-client-burst='0'" subsys=daemon
level=info msg="  --k8s-client-qps='0'" subsys=daemon
level=info msg="  --k8s-heartbeat-timeout='30s'" subsys=daemon
level=info msg="  --k8s-kubeconfig-path=''" subsys=daemon
level=info msg="  --k8s-namespace='kube-system'" subsys=daemon
level=info msg="  --k8s-require-ipv4-pod-cidr='false'" subsys=daemon
level=info msg="  --k8s-require-ipv6-pod-cidr='false'" subsys=daemon
level=info msg="  --k8s-service-cache-size='128'" subsys=daemon
level=info msg="  --k8s-service-proxy-name=''" subsys=daemon
level=info msg="  --k8s-sync-timeout='3m0s'" subsys=daemon
level=info msg="  --k8s-watcher-endpoint-selector='metadata.name!=kube-scheduler,metadata.name!=kube-controller-manager,metadata.name!=etcd-operator,metadata.name!=gcp-controller-manager'" subsys=daemon
level=info msg="  --keep-config='false'" subsys=daemon
level=info msg="  --kube-proxy-replacement='strict'" subsys=daemon
level=info msg="  --kube-proxy-replacement-healthz-bind-address=''" subsys=daemon
level=info msg="  --kvstore=''" subsys=daemon
level=info msg="  --kvstore-connectivity-timeout='2m0s'" subsys=daemon
level=info msg="  --kvstore-lease-ttl='15m0s'" subsys=daemon
level=info msg="  --kvstore-max-consecutive-quorum-errors='2'" subsys=daemon
level=info msg="  --kvstore-opt=''" subsys=daemon
level=info msg="  --kvstore-periodic-sync='5m0s'" subsys=daemon
level=info msg="  --label-prefix-file=''" subsys=daemon
level=info msg="  --labels=''" subsys=daemon
level=info msg="  --lib-dir='/var/lib/cilium'" subsys=daemon
level=info msg="  --local-max-addr-scope='252'" subsys=daemon
level=info msg="  --local-router-ipv4=''" subsys=daemon
level=info msg="  --local-router-ipv6=''" subsys=daemon
level=info msg="  --log-driver=''" subsys=daemon
level=info msg="  --log-opt=''" subsys=daemon
level=info msg="  --log-system-load='false'" subsys=daemon
level=info msg="  --max-controller-interval='0'" subsys=daemon
level=info msg="  --metrics=''" subsys=daemon
level=info msg="  --mke-cgroup-mount=''" subsys=daemon
level=info msg="  --monitor-aggregation='medium'" subsys=daemon
level=info msg="  --monitor-aggregation-flags='all'" subsys=daemon
level=info msg="  --monitor-aggregation-interval='5s'" subsys=daemon
level=info msg="  --monitor-queue-size='0'" subsys=daemon
level=info msg="  --mtu='0'" subsys=daemon
level=info msg="  --node-port-acceleration='disabled'" subsys=daemon
level=info msg="  --node-port-algorithm='random'" subsys=daemon
level=info msg="  --node-port-bind-protection='true'" subsys=daemon
level=info msg="  --node-port-mode='snat'" subsys=daemon
level=info msg="  --node-port-range='30000,32767'" subsys=daemon
level=info msg="  --nodes-gc-interval='5m0s'" subsys=daemon
level=info msg="  --operator-api-serve-addr='127.0.0.1:9234'" subsys=daemon
level=info msg="  --policy-audit-mode='false'" subsys=daemon
level=info msg="  --policy-queue-size='100'" subsys=daemon
level=info msg="  --policy-trigger-interval='1s'" subsys=daemon
level=info msg="  --pprof='false'" subsys=daemon
level=info msg="  --pprof-address='localhost'" subsys=daemon
level=info msg="  --pprof-port='6060'" subsys=daemon
level=info msg="  --preallocate-bpf-maps='false'" subsys=daemon
level=info msg="  --prepend-iptables-chains='true'" subsys=daemon
level=info msg="  --procfs='/host/proc'" subsys=daemon
level=info msg="  --prometheus-serve-addr=':9962'" subsys=daemon
level=info msg="  --proxy-connect-timeout='1'" subsys=daemon
level=info msg="  --proxy-gid='1337'" subsys=daemon
level=info msg="  --proxy-max-connection-duration-seconds='0'" subsys=daemon
level=info msg="  --proxy-max-requests-per-connection='0'" subsys=daemon
level=info msg="  --proxy-prometheus-port='0'" subsys=daemon
level=info msg="  --read-cni-conf=''" subsys=daemon
level=info msg="  --remove-cilium-node-taints='true'" subsys=daemon
level=info msg="  --restore='true'" subsys=daemon
level=info msg="  --route-metric='0'" subsys=daemon
level=info msg="  --set-cilium-is-up-condition='true'" subsys=daemon
level=info msg="  --sidecar-istio-proxy-image='cilium/istio_proxy'" subsys=daemon
level=info msg="  --single-cluster-route='false'" subsys=daemon
level=info msg="  --skip-cnp-status-startup-clean='false'" subsys=daemon
level=info msg="  --socket-path='/var/run/cilium/cilium.sock'" subsys=daemon
level=info msg="  --sockops-enable='false'" subsys=daemon
level=info msg="  --srv6-encap-mode='reduced'" subsys=daemon
level=info msg="  --state-dir='/var/run/cilium'" subsys=daemon
level=info msg="  --synchronize-k8s-nodes='true'" subsys=daemon
level=info msg="  --tofqdns-dns-reject-response-code='refused'" subsys=daemon
level=info msg="  --tofqdns-enable-dns-compression='true'" subsys=daemon
level=info msg="  --tofqdns-endpoint-max-ip-per-hostname='50'" subsys=daemon
level=info msg="  --tofqdns-idle-connection-grace-period='0s'" subsys=daemon
level=info msg="  --tofqdns-max-deferred-connection-deletes='10000'" subsys=daemon
level=info msg="  --tofqdns-min-ttl='3600'" subsys=daemon
level=info msg="  --tofqdns-pre-cache=''" subsys=daemon
level=info msg="  --tofqdns-proxy-port='0'" subsys=daemon
level=info msg="  --tofqdns-proxy-response-max-delay='100ms'" subsys=daemon
level=info msg="  --trace-payloadlen='128'" subsys=daemon
level=info msg="  --trace-sock='true'" subsys=daemon
level=info msg="  --tunnel='disabled'" subsys=daemon
level=info msg="  --tunnel-port='0'" subsys=daemon
level=info msg="  --unmanaged-pod-watcher-interval='15'" subsys=daemon
level=info msg="  --version='false'" subsys=daemon
level=info msg="  --vlan-bpf-bypass=''" subsys=daemon
level=info msg="  --vtep-cidr=''" subsys=daemon
level=info msg="  --vtep-endpoint=''" subsys=daemon
level=info msg="  --vtep-mac=''" subsys=daemon
level=info msg="  --vtep-mask=''" subsys=daemon
level=info msg="  --write-cni-conf-when-ready=''" subsys=daemon
level=debug msg="Enabling datapath debug messages" subsys=daemon
level=info msg="     _ _ _" subsys=daemon
level=info msg=" ___|_| |_|_ _ _____" subsys=daemon
level=info msg="|  _| | | | | |     |" subsys=daemon
level=info msg="|___|_|_|_|___|_|_|_|" subsys=daemon
level=info msg="Cilium 1.13.0-rc5 dc22a46f 2023-01-23T18:46:23-08:00 go version go1.19.5 linux/amd64" subsys=daemon
level=info msg="cilium-envoy  version: ff9a74a473dd5c1f6bfd7ce10938dab648f70c09/1.21.5/Distribution/RELEASE/BoringSSL" subsys=daemon
level=info msg="clang (10.0.0) and kernel (5.19.0) versions: OK!" subsys=linux-datapath
level=info msg="linking environment: OK!" subsys=linux-datapath
level=info msg="Kernel config file not found: if the agent fails to start, check the system requirements at https://docs.cilium.io/en/stable/operations/system_requirements" subsys=probes
level=info msg="Detected mounted BPF filesystem at /sys/fs/bpf" subsys=bpf
level=info msg="Mounted cgroupv2 filesystem at /run/cilium/cgroupv2" subsys=cgroups
level=info msg="Parsing base label prefixes from default label list" subsys=labels-filter
level=info msg="Parsing additional label prefixes from user inputs: []" subsys=labels-filter
level=info msg="Final label prefixes to be used for identity evaluation:" subsys=labels-filter
level=info msg=" - reserved:.*" subsys=labels-filter
level=info msg=" - :io\\.kubernetes\\.pod\\.namespace" subsys=labels-filter
level=info msg=" - :io\\.cilium\\.k8s\\.namespace\\.labels" subsys=labels-filter
level=info msg=" - :app\\.kubernetes\\.io" subsys=labels-filter
level=info msg=" - !:io\\.kubernetes" subsys=labels-filter
level=info msg=" - !:kubernetes\\.io" subsys=labels-filter
level=info msg=" - !:.*beta\\.kubernetes\\.io" subsys=labels-filter
level=info msg=" - !:k8s\\.io" subsys=labels-filter
level=info msg=" - !:pod-template-generation" subsys=labels-filter
level=info msg=" - !:pod-template-hash" subsys=labels-filter
level=info msg=" - !:controller-revision-hash" subsys=labels-filter
level=info msg=" - !:annotation.*" subsys=labels-filter
level=info msg=" - !:etcd_node" subsys=labels-filter
level=info msg="Using autogenerated IPv4 allocation range" subsys=node v4Prefix=10.3.0.0/16
level=debug msg=Invoking function="gops.registerGopsHooks (cell.go:39)" subsys=hive
level=info msg=Invoked duration="951.396µs" function="gops.registerGopsHooks (cell.go:39)" subsys=hive
level=debug msg=Invoking function="cmd.glob..func2 (daemon_main.go:1638)" subsys=hive
level=info msg=Invoked duration="835.402µs" function="cmd.glob..func2 (daemon_main.go:1638)" subsys=hive
level=debug msg="Executing start hook" function="gops.registerGopsHooks.func1 (cell.go:44)" subsys=hive
level=info msg="Started gops server" address="127.0.0.1:9890" subsys=gops
level=info msg="Start hook executed" duration="362.322µs" function="gops.registerGopsHooks.func1 (cell.go:44)" subsys=hive
level=debug msg="Executing start hook" function="client.(*compositeClientset).onStart" subsys=hive
level=info msg="Establishing connection to apiserver" host="https://172.18.0.3:6443" subsys=k8s-client
level=info msg="Connected to apiserver" subsys=k8s-client
level=debug msg="Starting new controller" name=k8s-heartbeat subsys=controller uuid=8542d158-3036-4d5e-ba36-5603d063e5f9
level=debug msg="Controller func execution time: 2.004µs" name=k8s-heartbeat subsys=controller uuid=8542d158-3036-4d5e-ba36-5603d063e5f9
level=debug msg="Skipping Leases support fallback discovery" subsys=k8s
level=info msg="Start hook executed" duration=7.985878ms function="client.(*compositeClientset).onStart" subsys=hive
level=debug msg="Executing start hook" function="cmd.newDatapath.func1 (daemon_main.go:1618)" subsys=hive
level=info msg="Start hook executed" duration=29.159043ms function="cmd.newDatapath.func1 (daemon_main.go:1618)" subsys=hive
level=debug msg="Executing start hook" function="*agent.localNodeStoreSpecer.Start" subsys=hive
level=info msg="Start hook executed" duration="4.148µs" function="*agent.localNodeStoreSpecer.Start" subsys=hive
level=debug msg="Executing start hook" function="cmd.newDaemonPromise.func1 (daemon_main.go:1671)" subsys=hive
level=debug msg="Starting new controller" name=endpoint-gc subsys=controller uuid=1faf0771-3bad-48fe-a100-399e33870056
level=info msg="Using Managed Neighbor Kernel support" subsys=daemon
level=info msg="Auto-enabling \"enable-node-port\", \"enable-external-ips\", \"bpf-lb-sock\", \"enable-host-port\", \"enable-session-affinity\" features" subsys=daemon
level=debug msg="Controller func execution time: 1.814µs" name=endpoint-gc subsys=controller uuid=1faf0771-3bad-48fe-a100-399e33870056
level=debug msg="Registered BPF map" path=/sys/fs/bpf/tc/globals/cilium_test subsys=bpf
level=debug msg="Unregistered BPF map" path=/sys/fs/bpf/tc/globals/cilium_test subsys=bpf
level=debug msg="enabling events buffer" file-path= name=cilium_lb4_services_v2 size=128 subsys=bpf ttl=0s
level=debug msg="enabling events buffer" file-path= name=cilium_lb4_backends_v2 size=128 subsys=bpf ttl=0s
level=debug msg="enabling events buffer" file-path= name=cilium_lb4_backends_v3 size=128 subsys=bpf ttl=0s
level=debug msg="enabling events buffer" file-path= name=cilium_lb4_reverse_nat size=128 subsys=bpf ttl=0s
level=debug msg="enabling events buffer" file-path= name=cilium_lb_affinity_match size=128 subsys=bpf ttl=0s
level=debug msg="enabling events buffer" file-path= name=cilium_lb4_source_range size=128 subsys=bpf ttl=0s
level=info msg="Inheriting MTU from external network interface" device=eth0 ipAddr=172.18.0.3 mtu=1500 subsys=mtu
level=debug msg="enabling events buffer" file-path= name=cilium_ipcache size=1024 subsys=bpf ttl=0s
level=debug msg="creating new EventQueue" name=config-modify-queue numBufferedEvents=10 subsys=eventqueue
level=debug msg="Registered BPF map" path=/sys/fs/bpf/tc/globals/cilium_ipcache subsys=bpf
level=debug msg="Unregistered BPF map" path=/sys/fs/bpf/tc/globals/cilium_ipcache subsys=bpf
level=debug msg="getting identity cache for identity allocator manager" subsys=identity-cache
level=debug msg="creating new EventQueue" name=repository-change-queue numBufferedEvents=100 subsys=eventqueue
level=debug msg="creating new EventQueue" name=repository-reaction-queue numBufferedEvents=100 subsys=eventqueue
level=info msg="Cgroup metadata manager is enabled" subsys=cgroup-manager
level=debug msg="enabling events buffer" file-path= name=cilium_lxc size=128 subsys=bpf ttl=0s
level=debug msg="Performing regular background work" subsys=nodemanager syncInterval=1m0s
level=info msg="Envoy: Starting xDS gRPC server listening on /var/run/cilium/xds.sock" subsys=envoy-manager
level=debug msg="Registered BPF map" path=/sys/fs/bpf/tc/globals/cilium_lxc subsys=bpf
level=debug msg="Opening map in parallel mode" file-path=/sys/fs/bpf/tc/globals/cilium_ipcache name=cilium_ipcache subsys=bpf
level=debug msg="Registered BPF map" path=/sys/fs/bpf/tc/globals/cilium_ipcache subsys=bpf
level=debug msg="Registered BPF map" path=/sys/fs/bpf/tc/globals/cilium_metrics subsys=ebpf
level=debug msg="Registered BPF map" path=/sys/fs/bpf/tc/globals/cilium_lb4_reverse_sk subsys=bpf
level=debug msg="Unregistered BPF map" path=/sys/fs/bpf/tc/globals/cilium_lb4_reverse_sk subsys=bpf
level=debug msg="Registered BPF map" path=/sys/fs/bpf/tc/globals/cilium_lb4_services_v2 subsys=bpf
level=debug msg="Registered BPF map" path=/sys/fs/bpf/tc/globals/cilium_lb4_backends_v3 subsys=bpf
level=debug msg="Registered BPF map" path=/sys/fs/bpf/tc/globals/cilium_lb4_reverse_nat subsys=bpf
level=debug msg="Registered BPF map" path=/sys/fs/bpf/tc/globals/cilium_events subsys=bpf
level=debug msg="Unregistered BPF map" path=/sys/fs/bpf/tc/globals/cilium_events subsys=bpf
level=debug msg="Registered BPF map" path=/sys/fs/bpf/tc/globals/cilium_signals subsys=bpf
level=debug msg="Unregistered BPF map" path=/sys/fs/bpf/tc/globals/cilium_signals subsys=bpf
level=debug msg="Registered BPF map" path=/sys/fs/bpf/tc/globals/cilium_call_policy subsys=bpf
level=debug msg="Unregistered BPF map" path=/sys/fs/bpf/tc/globals/cilium_call_policy subsys=bpf
level=debug msg="Registered BPF map" path=/sys/fs/bpf/tc/globals/cilium_ct4_global subsys=bpf
level=debug msg="Unregistered BPF map" path=/sys/fs/bpf/tc/globals/cilium_ct4_global subsys=bpf
level=debug msg="Registered BPF map" path=/sys/fs/bpf/tc/globals/cilium_ct_any4_global subsys=bpf
level=debug msg="Unregistered BPF map" path=/sys/fs/bpf/tc/globals/cilium_ct_any4_global subsys=bpf
level=debug msg="Registered BPF map" path=/sys/fs/bpf/tc/globals/cilium_snat_v4_external subsys=bpf
level=debug msg="Unregistered BPF map" path=/sys/fs/bpf/tc/globals/cilium_snat_v4_external subsys=bpf
level=debug msg="Registered BPF map" path=/sys/fs/bpf/tc/globals/cilium_nodeport_neigh4 subsys=bpf
level=debug msg="Unregistered BPF map" path=/sys/fs/bpf/tc/globals/cilium_nodeport_neigh4 subsys=bpf
level=debug msg="Registered BPF map" path=/sys/fs/bpf/tc/globals/cilium_ipv4_frag_datagrams subsys=bpf
level=debug msg="Unregistered BPF map" path=/sys/fs/bpf/tc/globals/cilium_ipv4_frag_datagrams subsys=bpf
level=debug msg="Starting new controller" name=metricsmap-bpf-prom-sync subsys=controller uuid=336c62c4-0341-4e56-aaf7-278fa356a054
level=debug msg="Registered BPF map" path=/sys/fs/bpf/tc/globals/cilium_lb_affinity_match subsys=bpf
level=debug msg="Registered BPF map" path=/sys/fs/bpf/tc/globals/cilium_lb4_affinity subsys=bpf
level=debug msg="Registered BPF map" path=/sys/fs/bpf/tc/globals/cilium_lb4_source_range subsys=bpf
level=info msg="Restored backends from maps" failedBackends=0 restoredBackends=0 subsys=service
level=debug msg="Controller func execution time: 53.932µs" name=metricsmap-bpf-prom-sync subsys=controller uuid=336c62c4-0341-4e56-aaf7-278fa356a054
level=info msg="Restored services from maps" failedServices=0 restoredServices=0 subsys=service
level=info msg="Reading old endpoints..." subsys=daemon
level=info msg="No old endpoints found." subsys=daemon
level=debug msg="Starting new controller" name=dns-garbage-collector-job subsys=controller uuid=16a2a0c2-1d66-4d84-bfa0-575270727989
level=debug msg="Running 'iptables -t mangle -n -L CILIUM_PRE_mangle' command" subsys=iptables
level=debug msg="Controller func execution time: 5.23µs" name=dns-garbage-collector-job subsys=controller uuid=16a2a0c2-1d66-4d84-bfa0-575270727989
level=debug msg="DNS Proxy port is configured to 0. A random port will be assigned by the OS." subsys=fqdn/dnsproxy
level=debug msg="DNS Proxy bound to address" address="[::]:37743" subsys=fqdn/dnsproxy
level=info msg="Waiting until all Cilium CRDs are available" subsys=k8s
level=debug msg="waiting for cache to synchronize" kubernetesResource="crd:ciliumnodes.cilium.io" subsys=k8s
level=debug msg="waiting for cache to synchronize" kubernetesResource="crd:ciliumloadbalancerippools.cilium.io" subsys=k8s
level=debug msg="waiting for cache to synchronize" kubernetesResource="crd:ciliumnetworkpolicies.cilium.io" subsys=k8s
level=debug msg="waiting for cache to synchronize" kubernetesResource="crd:ciliumidentities.cilium.io" subsys=k8s
level=debug msg="waiting for cache to synchronize" kubernetesResource="crd:ciliumnodeconfigs.cilium.io" subsys=k8s
level=debug msg="waiting for cache to synchronize" kubernetesResource="crd:ciliumendpoints.cilium.io" subsys=k8s
level=debug msg="waiting for cache to synchronize" kubernetesResource="crd:ciliumclusterwidenetworkpolicies.cilium.io" subsys=k8s
level=debug msg="cache synced" kubernetesResource="crd:ciliumclusterwidenetworkpolicies.cilium.io" subsys=k8s
level=debug msg="cache synced" kubernetesResource="crd:ciliumnodeconfigs.cilium.io" subsys=k8s
level=debug msg="cache synced" kubernetesResource="crd:ciliumendpoints.cilium.io" subsys=k8s
level=debug msg="cache synced" kubernetesResource="crd:ciliumnetworkpolicies.cilium.io" subsys=k8s
level=debug msg="cache synced" kubernetesResource="crd:ciliumidentities.cilium.io" subsys=k8s
level=debug msg="cache synced" kubernetesResource="crd:ciliumnodes.cilium.io" subsys=k8s
level=debug msg="cache synced" kubernetesResource="crd:ciliumloadbalancerippools.cilium.io" subsys=k8s
level=info msg="All Cilium CRDs have been found and are available" subsys=k8s
level=info msg="Creating or updating CiliumNode resource" node=cilium-kubeproxy-replacement-ebpf-control-plane subsys=nodediscovery
level=debug msg="waiting for cache to synchronize" kubernetesResource="core/v1::Node" subsys=k8s
level=debug msg="cache synced" kubernetesResource="core/v1::Node" subsys=k8s
level=debug msg="stopped waiting for caches to be synced" kubernetesResource="core/v1::Node" subsys=k8s
level=info msg="Retrieved node information from cilium node" nodeName=cilium-kubeproxy-replacement-ebpf-control-plane subsys=k8s
level=info msg="Received own node information from API server" ipAddr.ipv4=172.18.0.3 ipAddr.ipv6="<nil>" k8sNodeIP=172.18.0.3 labels="map[beta.kubernetes.io/arch:amd64 beta.kubernetes.io/os:linux kubernetes.io/arch:amd64 kubernetes.io/hostname:cilium-kubeproxy-replacement-ebpf-control-plane kubernetes.io/os:linux node-role.kubernetes.io/control-plane: node-role.kubernetes.io/master: node.kubernetes.io/exclude-from-external-load-balancers:]" nodeName=cilium-kubeproxy-replacement-ebpf-control-plane subsys=k8s v4Prefix=10.0.0.0/24 v6Prefix="<nil>"
level=info msg="k8s mode: Allowing localhost to reach local endpoints" subsys=daemon
level=info msg="Direct routing device detected" direct-routing-device=eth0 subsys=linux-datapath
level=info msg="Detected devices" devices="[eth0 net0]" subsys=linux-datapath
level=info msg="BPF host routing is currently not supported with devices without L2 addr. Falling back to legacy host routing (enable-host-legacy-routing=true)." subsys=daemon
level=error msg="failed to finalise LB initialization" error="Cannot retrieve net0 link: Link not found" subsys=daemon
level=error msg="Start hook failed" error="daemon creation failed: failed to finalise LB initialization: Cannot retrieve net0 link: Link not found" function="cmd.newDaemonPromise.func1 (daemon_main.go:1671)" subsys=hive
level=debug msg="Executing stop hook" function="*agent.localNodeStoreSpecer.Stop" subsys=hive
level=info msg="Stop hook executed" duration="19.126µs" function="*agent.localNodeStoreSpecer.Stop" subsys=hive
level=debug msg="Executing stop hook" function="client.(*compositeClientset).onStop" subsys=hive
level=debug msg="Removed controller" name=k8s-heartbeat subsys=controller uuid=8542d158-3036-4d5e-ba36-5603d063e5f9
level=debug msg="Shutting down controller" name=k8s-heartbeat subsys=controller uuid=8542d158-3036-4d5e-ba36-5603d063e5f9
level=info msg="Stop hook executed" duration="23.454µs" function="client.(*compositeClientset).onStop" subsys=hive
level=debug msg="Executing stop hook" function="gops.registerGopsHooks.func2 (cell.go:51)" subsys=hive
level=info msg="Stopped gops server" address="127.0.0.1:9890" subsys=gops
level=info msg="Stop hook executed" duration="134.499µs" function="gops.registerGopsHooks.func2 (cell.go:51)" subsys=hive
level=fatal msg="failed to start: daemon creation failed: failed to finalise LB initialization: Cannot retrieve net0 link: Link not found" subsys=daemon
